<?xml version="1.0" encoding="UTF-8"?>
<!-- Generated by org.testng.reporters.JUnitXMLReporter -->
<testsuite ignored="0" hostname="DESKTOP-QR09RTL" failures="0" tests="4" name="Default test" time="24.648" errors="0" timestamp="2023-07-16T17:53:47 IST">
  <testcase classname="api.test.userTest" name="testPostUser" time="12.997"/>
  <testcase classname="api.test.userTest" name="testGetUserByName" time="1.463"/>
  <testcase classname="api.test.userTest" name="testUpdateUser" time="2.704"/>
  <testcase classname="api.test.userTest" name="testDeleteUser" time="1.269"/>
</testsuite> <!-- Default test -->
