<?xml version="1.0" encoding="UTF-8"?>
<testsuite xmlns:xsi="http://www.w3.org/2001/XMLSchema-instance" xsi:noNamespaceSchemaLocation="https://maven.apache.org/surefire/maven-surefire-plugin/xsd/surefire-test-report-3.0.xsd" version="3.0" name="TestSuite" time="122.043" tests="8" errors="0" skipped="0" failures="0">
  <properties>
[...]
</properties>
  <testcase name="testPostUser" classname="api.test.userTest" time="53.082">
    <system-out><![CDATA[HTTP/1.1 200 OK
Date: Wed, 19 Jul 2023 04:58:54 GMT
Content-Type: application/json
Transfer-Encoding: chunked
Connection: keep-alive
Access-Control-Allow-Origin: *
Access-Control-Allow-Methods: GET, POST, DELETE, PUT
Access-Control-Allow-Headers: Content-Type, api_key, Authorization
Server: Jetty(9.2.9.v20150224)

{
    "code": 200,
    "type": "unknown",
    "message": "331122245"
}
]]></system-out>
    <system-err><![CDATA[SLF4J: Failed to load class "org.slf4j.impl.StaticLoggerBinder".
SLF4J: Defaulting to no-operation (NOP) logger implementation
SLF4J: See http://www.slf4j.org/codes.html#StaticLoggerBinder for further details.
]]></system-err>
  </testcase>
  <testcase name="testGetUserByName" classname="api.test.userTest" time="2.284">
    <system-out><![CDATA[HTTP/1.1 200 OK
Date: Wed, 19 Jul 2023 04:58:58 GMT
Content-Type: application/json
Transfer-Encoding: chunked
Connection: keep-alive
Access-Control-Allow-Origin: *
Access-Control-Allow-Methods: GET, POST, DELETE, PUT
Access-Control-Allow-Headers: Content-Type, api_key, Authorization
Server: Jetty(9.2.9.v20150224)

{
    "id": 331122245,
    "username": "deon.yundt",
    "firstName": "Clarence",
    "lastName": "Casper",
    "email": "jonell.fahey@gmail.com",
    "password": "6qh16",
    "phone": "400-679-1317",
    "userStatus": 0
}
]]></system-out>
  </testcase>
  <testcase name="testUpdateUser" classname="api.test.userTest" time="5.547">
    <system-out><![CDATA[HTTP/1.1 200 OK
Date: Wed, 19 Jul 2023 04:58:59 GMT
Content-Type: application/json
Transfer-Encoding: chunked
Connection: keep-alive
Access-Control-Allow-Origin: *
Access-Control-Allow-Methods: GET, POST, DELETE, PUT
Access-Control-Allow-Headers: Content-Type, api_key, Authorization
Server: Jetty(9.2.9.v20150224)

{
    "code": 200,
    "type": "unknown",
    "message": "331122245"
}
HTTP/1.1 200 OK
Date: Wed, 19 Jul 2023 04:59:01 GMT
Content-Type: application/json
Transfer-Encoding: chunked
Connection: keep-alive
Access-Control-Allow-Origin: *
Access-Control-Allow-Methods: GET, POST, DELETE, PUT
Access-Control-Allow-Headers: Content-Type, api_key, Authorization
Server: Jetty(9.2.9.v20150224)

{
    "id": 331122245,
    "username": "deon.yundt",
    "firstName": "Katharine",
    "lastName": "Brekke",
    "email": "jonell.fahey@gmail.com",
    "password": "6qh16",
    "phone": "400-679-1317",
    "userStatus": 0
}
]]></system-out>
  </testcase>
  <testcase name="testDeleteUser" classname="api.test.userTest" time="1.183">
    <system-out><![CDATA[HTTP/1.1 200 OK
Date: Wed, 19 Jul 2023 04:59:02 GMT
Content-Type: application/json
Transfer-Encoding: chunked
Connection: keep-alive
Access-Control-Allow-Origin: *
Access-Control-Allow-Methods: GET, POST, DELETE, PUT
Access-Control-Allow-Headers: Content-Type, api_key, Authorization
Server: Jetty(9.2.9.v20150224)

{
    "id": 331122245,
    "username": "deon.yundt",
    "firstName": "Katharine",
    "lastName": "Brekke",
    "email": "jonell.fahey@gmail.com",
    "password": "6qh16",
    "phone": "400-679-1317",
    "userStatus": 0
}
]]></system-out>
  </testcase>
  <testcase name="testPostUser" classname="api.test.userTest2" time="1.387">
    <system-out><![CDATA[HTTP/1.1 200 OK
Date: Wed, 19 Jul 2023 04:59:06 GMT
Content-Type: application/json
Transfer-Encoding: chunked
Connection: keep-alive
Access-Control-Allow-Origin: *
Access-Control-Allow-Methods: GET, POST, DELETE, PUT
Access-Control-Allow-Headers: Content-Type, api_key, Authorization
Server: Jetty(9.2.9.v20150224)

{
    "code": 200,
    "type": "unknown",
    "message": "1049228732"
}
]]></system-out>
  </testcase>
  <testcase name="testGetUserByName" classname="api.test.userTest2" time="1.541">
    <system-out><![CDATA[HTTP/1.1 200 OK
Date: Wed, 19 Jul 2023 04:59:07 GMT
Content-Type: application/json
Transfer-Encoding: chunked
Connection: keep-alive
Access-Control-Allow-Origin: *
Access-Control-Allow-Methods: GET, POST, DELETE, PUT
Access-Control-Allow-Headers: Content-Type, api_key, Authorization
Server: Jetty(9.2.9.v20150224)

{
    "id": 1049228732,
    "username": "alec.graham",
    "firstName": "Sabina",
    "lastName": "Roberts",
    "email": "karl.abernathy@gmail.com",
    "password": "2qqntze",
    "phone": "581.832.4523",
    "userStatus": 0
}
]]></system-out>
  </testcase>
  <testcase name="testUpdateUser" classname="api.test.userTest2" time="2.383">
    <system-out><![CDATA[HTTP/1.1 200 OK
Date: Wed, 19 Jul 2023 04:59:09 GMT
Content-Type: application/json
Transfer-Encoding: chunked
Connection: keep-alive
Access-Control-Allow-Origin: *
Access-Control-Allow-Methods: GET, POST, DELETE, PUT
Access-Control-Allow-Headers: Content-Type, api_key, Authorization
Server: Jetty(9.2.9.v20150224)

{
    "code": 200,
    "type": "unknown",
    "message": "1049228732"
}
HTTP/1.1 200 OK
Date: Wed, 19 Jul 2023 04:59:10 GMT
Content-Type: application/json
Transfer-Encoding: chunked
Connection: keep-alive
Access-Control-Allow-Origin: *
Access-Control-Allow-Methods: GET, POST, DELETE, PUT
Access-Control-Allow-Headers: Content-Type, api_key, Authorization
Server: Jetty(9.2.9.v20150224)

{
    "id": 1049228732,
    "username": "alec.graham",
    "firstName": "Gaston",
    "lastName": "Legros",
    "email": "karl.abernathy@gmail.com",
    "password": "2qqntze",
    "phone": "581.832.4523",
    "userStatus": 0
}
]]></system-out>
  </testcase>
  <testcase name="testDeleteUser" classname="api.test.userTest2" time="1.326">
    <system-out><![CDATA[HTTP/1.1 200 OK
Date: Wed, 19 Jul 2023 04:59:11 GMT
Content-Type: application/json
Transfer-Encoding: chunked
Connection: keep-alive
Access-Control-Allow-Origin: *
Access-Control-Allow-Methods: GET, POST, DELETE, PUT
Access-Control-Allow-Headers: Content-Type, api_key, Authorization
Server: Jetty(9.2.9.v20150224)

{
    "id": 1049228732,
    "username": "alec.graham",
    "firstName": "Gaston",
    "lastName": "Legros",
    "email": "karl.abernathy@gmail.com",
    "password": "2qqntze",
    "phone": "581.832.4523",
    "userStatus": 0
}
]]></system-out>
  </testcase>
</testsuite>