<?xml version="1.0" encoding="UTF-8"?>
<testng-results ignored="0" total="8" passed="8" failed="0" skipped="0">
  <reporter-output>
  </reporter-output>
  <suite started-at="2023-07-19T10:27:29 IST" name="Pet SUITE" finished-at="2023-07-19T10:29:11 IST" duration-ms="102085">
    <groups>
    </groups>
    <test started-at="2023-07-19T10:27:29 IST" name="Pet Test" finished-at="2023-07-19T10:29:11 IST" duration-ms="102085">
      <class name="api.test.userTest2">
        <test-method is-config="true" signature="setupMethod()[pri:0, instance:api.test.userTest2@130161f7]" started-at="2023-07-19T10:29:02 IST" name="setupMethod" finished-at="2023-07-19T10:29:04 IST" duration-ms="2243" status="PASS">
          <reporter-output>
          </reporter-output>
        </test-method> <!-- setupMethod -->
        <test-method signature="testPostUser()[pri:1, instance:api.test.userTest2@130161f7]" started-at="2023-07-19T10:29:04 IST" name="testPostUser" finished-at="2023-07-19T10:29:06 IST" duration-ms="1758" status="PASS">
          <reporter-output>
          </reporter-output>
        </test-method> <!-- testPostUser -->
        <test-method signature="testGetUserByName()[pri:2, instance:api.test.userTest2@130161f7]" started-at="2023-07-19T10:29:06 IST" name="testGetUserByName" finished-at="2023-07-19T10:29:07 IST" duration-ms="1240" status="PASS">
          <reporter-output>
          </reporter-output>
        </test-method> <!-- testGetUserByName -->
        <test-method signature="testUpdateUser()[pri:3, instance:api.test.userTest2@130161f7]" started-at="2023-07-19T10:29:07 IST" name="testUpdateUser" finished-at="2023-07-19T10:29:10 IST" duration-ms="2682" status="PASS">
          <reporter-output>
          </reporter-output>
        </test-method> <!-- testUpdateUser -->
        <test-method signature="testDeleteUser()[pri:4, instance:api.test.userTest2@130161f7]" started-at="2023-07-19T10:29:10 IST" name="testDeleteUser" finished-at="2023-07-19T10:29:11 IST" duration-ms="1246" status="PASS">
          <reporter-output>
          </reporter-output>
        </test-method> <!-- testDeleteUser -->
      </class> <!-- api.test.userTest2 -->
      <class name="api.test.userTest">
        <test-method is-config="true" signature="setupMethod()[pri:0, instance:api.test.userTest@3d51f06e]" started-at="2023-07-19T10:27:39 IST" name="setupMethod" finished-at="2023-07-19T10:28:02 IST" duration-ms="23625" status="PASS">
          <reporter-output>
          </reporter-output>
        </test-method> <!-- setupMethod -->
        <test-method signature="testPostUser()[pri:1, instance:api.test.userTest@3d51f06e]" started-at="2023-07-19T10:28:02 IST" name="testPostUser" finished-at="2023-07-19T10:28:55 IST" duration-ms="52443" status="PASS">
          <reporter-output>
          </reporter-output>
        </test-method> <!-- testPostUser -->
        <test-method signature="testGetUserByName()[pri:2, instance:api.test.userTest@3d51f06e]" started-at="2023-07-19T10:28:55 IST" name="testGetUserByName" finished-at="2023-07-19T10:28:58 IST" duration-ms="2618" status="PASS">
          <reporter-output>
          </reporter-output>
        </test-method> <!-- testGetUserByName -->
        <test-method signature="testUpdateUser()[pri:3, instance:api.test.userTest@3d51f06e]" started-at="2023-07-19T10:28:58 IST" name="testUpdateUser" finished-at="2023-07-19T10:29:01 IST" duration-ms="2785" status="PASS">
          <reporter-output>
          </reporter-output>
        </test-method> <!-- testUpdateUser -->
        <test-method signature="testDeleteUser()[pri:4, instance:api.test.userTest@3d51f06e]" started-at="2023-07-19T10:29:01 IST" name="testDeleteUser" finished-at="2023-07-19T10:29:02 IST" duration-ms="1367" status="PASS">
          <reporter-output>
          </reporter-output>
        </test-method> <!-- testDeleteUser -->
      </class> <!-- api.test.userTest -->
    </test> <!-- Pet Test -->
  </suite> <!-- Pet SUITE -->
</testng-results>
