<?xml version="1.0" encoding="UTF-8"?>
<testng-results ignored="0" total="8" passed="8" failed="0" skipped="0">
  <reporter-output>
  </reporter-output>
  <suite started-at="2023-07-16T17:57:24 IST" name="Pet SUITE" finished-at="2023-07-16T17:57:49 IST" duration-ms="25212">
    <groups>
    </groups>
    <test started-at="2023-07-16T17:57:24 IST" name="Pet Test" finished-at="2023-07-16T17:57:49 IST" duration-ms="25212">
      <class name="api.test.userTest2">
        <test-method is-config="true" signature="setupMethod()[pri:0, instance:api.test.userTest2@3349e9bb]" started-at="2023-07-16T17:57:42 IST" name="setupMethod" finished-at="2023-07-16T17:57:42 IST" duration-ms="124" status="PASS">
          <reporter-output>
          </reporter-output>
        </test-method> <!-- setupMethod -->
        <test-method signature="testPostUser()[pri:1, instance:api.test.userTest2@3349e9bb]" started-at="2023-07-16T17:57:42 IST" name="testPostUser" finished-at="2023-07-16T17:57:43 IST" duration-ms="1365" status="PASS">
          <reporter-output>
          </reporter-output>
        </test-method> <!-- testPostUser -->
        <test-method signature="testGetUserByName()[pri:2, instance:api.test.userTest2@3349e9bb]" started-at="2023-07-16T17:57:43 IST" name="testGetUserByName" finished-at="2023-07-16T17:57:45 IST" duration-ms="1292" status="PASS">
          <reporter-output>
          </reporter-output>
        </test-method> <!-- testGetUserByName -->
        <test-method signature="testUpdateUser()[pri:3, instance:api.test.userTest2@3349e9bb]" started-at="2023-07-16T17:57:45 IST" name="testUpdateUser" finished-at="2023-07-16T17:57:47 IST" duration-ms="2700" status="PASS">
          <reporter-output>
          </reporter-output>
        </test-method> <!-- testUpdateUser -->
        <test-method signature="testDeleteUser()[pri:4, instance:api.test.userTest2@3349e9bb]" started-at="2023-07-16T17:57:47 IST" name="testDeleteUser" finished-at="2023-07-16T17:57:49 IST" duration-ms="1400" status="PASS">
          <reporter-output>
          </reporter-output>
        </test-method> <!-- testDeleteUser -->
      </class> <!-- api.test.userTest2 -->
      <class name="api.test.userTest">
        <test-method is-config="true" signature="setupMethod()[pri:0, instance:api.test.userTest@7d8995e]" started-at="2023-07-16T17:57:25 IST" name="setupMethod" finished-at="2023-07-16T17:57:27 IST" duration-ms="2508" status="PASS">
          <reporter-output>
          </reporter-output>
        </test-method> <!-- setupMethod -->
        <test-method signature="testPostUser()[pri:1, instance:api.test.userTest@7d8995e]" started-at="2023-07-16T17:57:27 IST" name="testPostUser" finished-at="2023-07-16T17:57:35 IST" duration-ms="7556" status="PASS">
          <reporter-output>
          </reporter-output>
        </test-method> <!-- testPostUser -->
        <test-method signature="testGetUserByName()[pri:2, instance:api.test.userTest@7d8995e]" started-at="2023-07-16T17:57:35 IST" name="testGetUserByName" finished-at="2023-07-16T17:57:36 IST" duration-ms="1519" status="PASS">
          <reporter-output>
          </reporter-output>
        </test-method> <!-- testGetUserByName -->
        <test-method signature="testUpdateUser()[pri:3, instance:api.test.userTest@7d8995e]" started-at="2023-07-16T17:57:36 IST" name="testUpdateUser" finished-at="2023-07-16T17:57:40 IST" duration-ms="4207" status="PASS">
          <reporter-output>
          </reporter-output>
        </test-method> <!-- testUpdateUser -->
        <test-method signature="testDeleteUser()[pri:4, instance:api.test.userTest@7d8995e]" started-at="2023-07-16T17:57:41 IST" name="testDeleteUser" finished-at="2023-07-16T17:57:42 IST" duration-ms="1339" status="PASS">
          <reporter-output>
          </reporter-output>
        </test-method> <!-- testDeleteUser -->
      </class> <!-- api.test.userTest -->
    </test> <!-- Pet Test -->
  </suite> <!-- Pet SUITE -->
</testng-results>
