<?xml version="1.0" encoding="UTF-8"?>
<!-- Generated by org.testng.reporters.JUnitXMLReporter -->
<testsuite ignored="0" hostname="DESKTOP-QR09RTL" failures="0" tests="8" name="Pet Test" time="102.085" errors="0" timestamp="2023-07-19T10:29:14 IST">
  <testcase classname="api.test.userTest" name="testPostUser" time="52.443"/>
  <testcase classname="api.test.userTest" name="testGetUserByName" time="2.618"/>
  <testcase classname="api.test.userTest" name="testUpdateUser" time="2.785"/>
  <testcase classname="api.test.userTest" name="testDeleteUser" time="1.367"/>
  <testcase classname="api.test.userTest2" name="testPostUser" time="1.758"/>
  <testcase classname="api.test.userTest2" name="testGetUserByName" time="1.24"/>
  <testcase classname="api.test.userTest2" name="testUpdateUser" time="2.682"/>
  <testcase classname="api.test.userTest2" name="testDeleteUser" time="1.246"/>
</testsuite> <!-- Pet Test -->
