<?xml version="1.0" encoding="UTF-8"?>
<!-- Generated by org.testng.reporters.JUnitXMLReporter -->
<testsuite ignored="0" hostname="DESKTOP-QR09RTL" failures="0" tests="8" name="Pet Test" time="25.212" errors="0" timestamp="2023-07-16T17:57:50 IST">
  <testcase classname="api.test.userTest" name="testPostUser" time="7.556"/>
  <testcase classname="api.test.userTest" name="testGetUserByName" time="1.519"/>
  <testcase classname="api.test.userTest" name="testUpdateUser" time="4.207"/>
  <testcase classname="api.test.userTest" name="testDeleteUser" time="1.339"/>
  <testcase classname="api.test.userTest2" name="testPostUser" time="1.365"/>
  <testcase classname="api.test.userTest2" name="testGetUserByName" time="1.292"/>
  <testcase classname="api.test.userTest2" name="testUpdateUser" time="2.7"/>
  <testcase classname="api.test.userTest2" name="testDeleteUser" time="1.4"/>
</testsuite> <!-- Pet Test -->
